#-----------------------------------------------------------
# Vivado v2015.2 (64-bit)
# SW Build 1266856 on Fri Jun 26 16:35:25 MDT 2015
# IP Build 1264090 on Wed Jun 24 14:22:01 MDT 2015
# Start of session at: Thu Mar 02 14:01:15 2017
# Process ID: 212020
# Log file: D:/9361_fpga/Project_CMOS_FDD_withVIO/vivado.log
# Journal file: D:/9361_fpga/Project_CMOS_FDD_withVIO\vivado.jou
#-----------------------------------------------------------
start_gui
open_project D:/9361_fpga/Project_CMOS_FDD_withVIO/Project_CMOS_FDD.xpr
INFO: [Project 1-313] Project file moved from 'L:/Project_CMOS_FDD_withVIO' since last save.
Scanning sources...
Finished scanning sources
CRITICAL WARNING: [Board 49-67] The board_part definition was not found for digilentinc.com:nexys_video:part0:1.1. Valid board_part values can be retrieved with the 'get_board_parts' Tcl command.
INFO: [IP_Flow 19-234] Refreshing IP repositories
INFO: [IP_Flow 19-1704] No user IP repositories specified
INFO: [IP_Flow 19-2313] Loaded Vivado IP repository 'C:/Xilinx/Vivado/2015.2/data/ip'.
WARNING: [IP_Flow 19-2162] IP 'clk_wiz_0' is locked:
* This IP has board specific outputs. Current project board 'unset' and the board 'digilentinc.com:nexys_video:part0:1.1' used to customize the IP 'clk_wiz_0' do not match.
Please select 'Report IP Status' from the 'Tools/Report' menu or run Tcl command 'report_ip_status' for more information.
open_project: Time (s): cpu = 00:00:25 ; elapsed = 00:00:51 . Memory (MB): peak = 891.094 ; gain = 308.922
WARNING: [IP_Flow 19-4067] Ignoring invalid widget type specified checkbox.Providing a default widget
exit
INFO: [Common 17-206] Exiting Vivado at Fri Mar 03 13:39:22 2017...
